# JRE version: Java(TM) SE Runtime Environment (8.0_25-b18) (build 1.8.0_25-b18)
# Java VM: Java HotSpot(TM) 64-Bit Server VM (25.25-b02 mixed mode windows-amd64 compressed oops)
Heap:
 PSYoungGen      total 461824K, used 122332K [0x00000000e0000000, 0x00000000fec00000, 0x0000000100000000)
  eden space 423936K, 28% used [0x00000000e0000000,0x00000000e7777310,0x00000000f9e00000)
  from space 37888K, 0% used [0x00000000fc700000,0x00000000fc700000,0x00000000fec00000)
  to   space 39936K, 0% used [0x00000000f9e00000,0x00000000f9e00000,0x00000000fc500000)
 ParOldGen       total 148992K, used 44516K [0x00000000a0000000, 0x00000000a9180000, 0x00000000e0000000)
  object space 148992K, 29% used [0x00000000a0000000,0x00000000a2b79280,0x00000000a9180000)
 Metaspace       used 74863K, capacity 80470K, committed 80768K, reserved 1120256K
  class space    used 9605K, capacity 10181K, committed 10368K, reserved 1048576K
GC Heap History (10 events):
Event: 9976.355 GC heap before
{Heap before GC invocations=80 (full 22):
 PSYoungGen      total 466432K, used 3088K [0x00000000e0000000, 0x00000000ff300000, 0x0000000100000000)
  eden space 423936K, 0% used [0x00000000e0000000,0x00000000e0000000,0x00000000f9e00000)
  from space 42496K, 7% used [0x00000000fc980000,0x00000000fcc84030,0x00000000ff300000)
  to   space 43520K, 0% used [0x00000000f9e00000,0x00000000f9e00000,0x00000000fc880000)
 ParOldGen       total 148992K, used 41216K [0x00000000a0000000, 0x00000000a9180000, 0x00000000e0000000)
  object space 148992K, 27% used [0x00000000a0000000,0x00000000a28402e8,0x00000000a9180000)
 Metaspace       used 74110K, capacity 79520K, committed 80000K, reserved 1118208K
  class space    used 9502K, capacity 10056K, committed 10368K, reserved 1048576K
Event: 9976.615 GC heap after
Heap after GC invocations=80 (full 22):
 PSYoungGen      total 466432K, used 0K [0x00000000e0000000, 0x00000000ff300000, 0x0000000100000000)
  eden space 423936K, 0% used [0x00000000e0000000,0x00000000e0000000,0x00000000f9e00000)
  from space 42496K, 0% used [0x00000000fc980000,0x00000000fc980000,0x00000000ff300000)
  to   space 43520K, 0% used [0x00000000f9e00000,0x00000000f9e00000,0x00000000fc880000)
 ParOldGen       total 148992K, used 41938K [0x00000000a0000000, 0x00000000a9180000, 0x00000000e0000000)
  object space 148992K, 28% used [0x00000000a0000000,0x00000000a28f4928,0x00000000a9180000)
 Metaspace       used 74064K, capacity 79398K, committed 80000K, reserved 1118208K
  class space    used 9492K, capacity 10043K, committed 10368K, reserved 1048576K
}
Event: 10170.488 GC heap before
{Heap before GC invocations=81 (full 22):
 PSYoungGen      total 466432K, used 195858K [0x00000000e0000000, 0x00000000ff300000, 0x0000000100000000)
  eden space 423936K, 46% used [0x00000000e0000000,0x00000000ebf44a28,0x00000000f9e00000)
  from space 42496K, 0% used [0x00000000fc980000,0x00000000fc980000,0x00000000ff300000)
  to   space 43520K, 0% used [0x00000000f9e00000,0x00000000f9e00000,0x00000000fc880000)
 ParOldGen       total 148992K, used 41938K [0x00000000a0000000, 0x00000000a9180000, 0x00000000e0000000)
  object space 148992K, 28% used [0x00000000a0000000,0x00000000a28f4928,0x00000000a9180000)
 Metaspace       used 74166K, capacity 79498K, committed 80000K, reserved 1118208K
  class space    used 9501K, capacity 10053K, committed 10368K, reserved 1048576K
Event: 10170.492 GC heap after
Heap after GC invocations=81 (full 22):
 PSYoungGen      total 425984K, used 1600K [0x00000000e0000000, 0x00000000ff000000, 0x0000000100000000)
  eden space 423936K, 0% used [0x00000000e0000000,0x00000000e0000000,0x00000000f9e00000)
  from space 2048K, 78% used [0x00000000f9e00000,0x00000000f9f90020,0x00000000fa000000)
  to   space 41984K, 0% used [0x00000000fc700000,0x00000000fc700000,0x00000000ff000000)
 ParOldGen       total 148992K, used 41946K [0x00000000a0000000, 0x00000000a9180000, 0x00000000e0000000)
  object space 148992K, 28% used [0x00000000a0000000,0x00000000a28f6928,0x00000000a9180000)
 Metaspace       used 74166K, capacity 79498K, committed 80000K, reserved 1118208K
  class space    used 9501K, capacity 10053K, committed 10368K, reserved 1048576K
}
Event: 10170.492 GC heap before
{Heap before GC invocations=82 (full 23):
 PSYoungGen      total 425984K, used 1600K [0x00000000e0000000, 0x00000000ff000000, 0x0000000100000000)
  eden space 423936K, 0% used [0x00000000e0000000,0x00000000e0000000,0x00000000f9e00000)
  from space 2048K, 78% used [0x00000000f9e00000,0x00000000f9f90020,0x00000000fa000000)
  to   space 41984K, 0% used [0x00000000fc700000,0x00000000fc700000,0x00000000ff000000)
 ParOldGen       total 148992K, used 41946K [0x00000000a0000000, 0x00000000a9180000, 0x00000000e0000000)
  object space 148992K, 28% used [0x00000000a0000000,0x00000000a28f6928,0x00000000a9180000)
 Metaspace       used 74166K, capacity 79498K, committed 80000K, reserved 1118208K
  class space    used 9501K, capacity 10053K, committed 10368K, reserved 1048576K
Event: 10170.688 GC heap after
Heap after GC invocations=82 (full 23):
 PSYoungGen      total 425984K, used 0K [0x00000000e0000000, 0x00000000ff000000, 0x0000000100000000)
  eden space 423936K, 0% used [0x00000000e0000000,0x00000000e0000000,0x00000000f9e00000)
  from space 2048K, 0% used [0x00000000f9e00000,0x00000000f9e00000,0x00000000fa000000)
  to   space 41984K, 0% used [0x00000000fc700000,0x00000000fc700000,0x00000000ff000000)
 ParOldGen       total 148992K, used 41167K [0x00000000a0000000, 0x00000000a9180000, 0x00000000e0000000)
  object space 148992K, 27% used [0x00000000a0000000,0x00000000a2833f08,0x00000000a9180000)
 Metaspace       used 74166K, capacity 79498K, committed 80000K, reserved 1118208K
  class space    used 9501K, capacity 10053K, committed 10368K, reserved 1048576K
}
Event: 10296.404 GC heap before
{Heap before GC invocations=83 (full 23):
 PSYoungGen      total 425984K, used 341507K [0x00000000e0000000, 0x00000000ff000000, 0x0000000100000000)
  eden space 423936K, 80% used [0x00000000e0000000,0x00000000f4d80db8,0x00000000f9e00000)
  from space 2048K, 0% used [0x00000000f9e00000,0x00000000f9e00000,0x00000000fa000000)
  to   space 41984K, 0% used [0x00000000fc700000,0x00000000fc700000,0x00000000ff000000)
 ParOldGen       total 148992K, used 41167K [0x00000000a0000000, 0x00000000a9180000, 0x00000000e0000000)
  object space 148992K, 27% used [0x00000000a0000000,0x00000000a2833f08,0x00000000a9180000)
 Metaspace       used 74367K, capacity 79872K, committed 80256K, reserved 1120256K
  class space    used 9537K, capacity 10088K, committed 10368K, reserved 1048576K
Event: 10296.412 GC heap after
Heap after GC invocations=83 (full 23):
 PSYoungGen      total 461824K, used 5168K [0x00000000e0000000, 0x00000000fec00000, 0x0000000100000000)
  eden space 423936K, 0% used [0x00000000e0000000,0x00000000e0000000,0x00000000f9e00000)
  from space 37888K, 13% used [0x00000000fc700000,0x00000000fcc0c010,0x00000000fec00000)
  to   space 39936K, 0% used [0x00000000f9e00000,0x00000000f9e00000,0x00000000fc500000)
 ParOldGen       total 148992K, used 41175K [0x00000000a0000000, 0x00000000a9180000, 0x00000000e0000000)
  object space 148992K, 27% used [0x00000000a0000000,0x00000000a2835f08,0x00000000a9180000)
 Metaspace       used 74367K, capacity 79872K, committed 80256K, reserved 1120256K
  class space    used 9537K, capacity 10088K, committed 10368K, reserved 1048576K
}
Event: 10296.412 GC heap before
{Heap before GC invocations=84 (full 24):
 PSYoungGen      total 461824K, used 5168K [0x00000000e0000000, 0x00000000fec00000, 0x0000000100000000)
  eden space 423936K, 0% used [0x00000000e0000000,0x00000000e0000000,0x00000000f9e00000)
  from space 37888K, 13% used [0x00000000fc700000,0x00000000fcc0c010,0x00000000fec00000)
  to   space 39936K, 0% used [0x00000000f9e00000,0x00000000f9e00000,0x00000000fc500000)
 ParOldGen       total 148992K, used 41175K [0x00000000a0000000, 0x00000000a9180000, 0x00000000e0000000)
  object space 148992K, 27% used [0x00000000a0000000,0x00000000a2835f08,0x00000000a9180000)
 Metaspace       used 74367K, capacity 79872K, committed 80256K, reserved 1120256K
  class space    used 9537K, capacity 10088K, committed 10368K, reserved 1048576K
Event: 10296.765 GC heap after
Heap after GC invocations=84 (full 24):
 PSYoungGen      total 461824K, used 0K [0x00000000e0000000, 0x00000000fec00000, 0x0000000100000000)
  eden space 423936K, 0% used [0x00000000e0000000,0x00000000e0000000,0x00000000f9e00000)
  from space 37888K, 0% used [0x00000000fc700000,0x00000000fc700000,0x00000000fec00000)
  to   space 39936K, 0% used [0x00000000f9e00000,0x00000000f9e00000,0x00000000fc500000)
 ParOldGen       total 148992K, used 44516K [0x00000000a0000000, 0x00000000a9180000, 0x00000000e0000000)
  object space 148992K, 29% used [0x00000000a0000000,0x00000000a2b79280,0x00000000a9180000)
 Metaspace       used 74367K, capacity 79872K, committed 80256K, reserved 1120256K
  class space    used 9537K, capacity 10088K, committed 10368K, reserved 1048576K
}

