# JRE version: Java(TM) SE Runtime Environment (8.0_25-b18) (build 1.8.0_25-b18)
# Java VM: Java HotSpot(TM) 64-Bit Server VM (25.25-b02 mixed mode windows-amd64 compressed oops)
Heap:
 PSYoungGen      total 347648K, used 159374K [0x00000000e0000000, 0x00000000f9a00000, 0x0000000100000000)
  eden space 317952K, 49% used [0x00000000e0000000,0x00000000e9927db8,0x00000000f3680000)
  from space 29696K, 8% used [0x00000000f6080000,0x00000000f62fbd00,0x00000000f7d80000)
  to   space 43008K, 0% used [0x00000000f3680000,0x00000000f3680000,0x00000000f6080000)
 ParOldGen       total 96256K, used 96239K [0x00000000a0000000, 0x00000000a5e00000, 0x00000000e0000000)
  object space 96256K, 99% used [0x00000000a0000000,0x00000000a5dfbeb0,0x00000000a5e00000)
 Metaspace       used 63256K, capacity 64944K, committed 65112K, reserved 1105920K
  class space    used 8350K, capacity 8706K, committed 8832K, reserved 1048576K
GC Heap History (10 events):
Event: 55.246 GC heap before
{Heap before GC invocations=28 (full 4):
 PSYoungGen      total 347648K, used 29672K [0x00000000e0000000, 0x00000000f9a00000, 0x0000000100000000)
  eden space 317952K, 0% used [0x00000000e0000000,0x00000000e0000000,0x00000000f3680000)
  from space 29696K, 99% used [0x00000000f6080000,0x00000000f7d7a140,0x00000000f7d80000)
  to   space 43008K, 0% used [0x00000000f3680000,0x00000000f3680000,0x00000000f6080000)
 ParOldGen       total 96256K, used 95892K [0x00000000a0000000, 0x00000000a5e00000, 0x00000000e0000000)
  object space 96256K, 99% used [0x00000000a0000000,0x00000000a5da53e0,0x00000000a5e00000)
 Metaspace       used 62656K, capacity 64304K, committed 64472K, reserved 1105920K
  class space    used 8276K, capacity 8644K, committed 8704K, reserved 1048576K
Event: 55.572 GC heap after
Heap after GC invocations=28 (full 4):
 PSYoungGen      total 347648K, used 0K [0x00000000e0000000, 0x00000000f9a00000, 0x0000000100000000)
  eden space 317952K, 0% used [0x00000000e0000000,0x00000000e0000000,0x00000000f3680000)
  from space 29696K, 0% used [0x00000000f6080000,0x00000000f6080000,0x00000000f7d80000)
  to   space 43008K, 0% used [0x00000000f3680000,0x00000000f3680000,0x00000000f6080000)
 ParOldGen       total 96256K, used 82689K [0x00000000a0000000, 0x00000000a5e00000, 0x00000000e0000000)
  object space 96256K, 85% used [0x00000000a0000000,0x00000000a50c05d8,0x00000000a5e00000)
 Metaspace       used 62650K, capacity 64286K, committed 64472K, reserved 1105920K
  class space    used 8274K, capacity 8641K, committed 8704K, reserved 1048576K
}
Event: 57.579 GC heap before
{Heap before GC invocations=29 (full 5):
 PSYoungGen      total 347648K, used 317952K [0x00000000e0000000, 0x00000000f9a00000, 0x0000000100000000)
  eden space 317952K, 100% used [0x00000000e0000000,0x00000000f3680000,0x00000000f3680000)
  from space 29696K, 0% used [0x00000000f6080000,0x00000000f6080000,0x00000000f7d80000)
  to   space 43008K, 0% used [0x00000000f3680000,0x00000000f3680000,0x00000000f6080000)
 ParOldGen       total 96256K, used 82689K [0x00000000a0000000, 0x00000000a5e00000, 0x00000000e0000000)
  object space 96256K, 85% used [0x00000000a0000000,0x00000000a50c05d8,0x00000000a5e00000)
 Metaspace       used 62711K, capacity 64286K, committed 64472K, reserved 1105920K
  class space    used 8276K, capacity 8641K, committed 8704K, reserved 1048576K
Event: 59.040 GC heap after
Heap after GC invocations=29 (full 5):
 PSYoungGen      total 347648K, used 0K [0x00000000e0000000, 0x00000000f9a00000, 0x0000000100000000)
  eden space 317952K, 0% used [0x00000000e0000000,0x00000000e0000000,0x00000000f3680000)
  from space 29696K, 0% used [0x00000000f6080000,0x00000000f6080000,0x00000000f7d80000)
  to   space 43008K, 0% used [0x00000000f3680000,0x00000000f3680000,0x00000000f6080000)
 ParOldGen       total 96256K, used 67393K [0x00000000a0000000, 0x00000000a5e00000, 0x00000000e0000000)
  object space 96256K, 70% used [0x00000000a0000000,0x00000000a41d0420,0x00000000a5e00000)
 Metaspace       used 62711K, capacity 64286K, committed 64472K, reserved 1105920K
  class space    used 8276K, capacity 8641K, committed 8704K, reserved 1048576K
}
Event: 60.440 GC heap before
{Heap before GC invocations=30 (full 5):
 PSYoungGen      total 347648K, used 317952K [0x00000000e0000000, 0x00000000f9a00000, 0x0000000100000000)
  eden space 317952K, 100% used [0x00000000e0000000,0x00000000f3680000,0x00000000f3680000)
  from space 29696K, 0% used [0x00000000f6080000,0x00000000f6080000,0x00000000f7d80000)
  to   space 43008K, 0% used [0x00000000f3680000,0x00000000f3680000,0x00000000f6080000)
 ParOldGen       total 96256K, used 67393K [0x00000000a0000000, 0x00000000a5e00000, 0x00000000e0000000)
  object space 96256K, 70% used [0x00000000a0000000,0x00000000a41d0420,0x00000000a5e00000)
 Metaspace       used 62726K, capacity 64352K, committed 64472K, reserved 1105920K
  class space    used 8277K, capacity 8642K, committed 8704K, reserved 1048576K
Event: 61.388 GC heap after
Heap after GC invocations=30 (full 5):
 PSYoungGen      total 360960K, used 20626K [0x00000000e0000000, 0x00000000f9a00000, 0x0000000100000000)
  eden space 317952K, 0% used [0x00000000e0000000,0x00000000e0000000,0x00000000f3680000)
  from space 43008K, 47% used [0x00000000f3680000,0x00000000f4aa4be8,0x00000000f6080000)
  to   space 29696K, 0% used [0x00000000f6080000,0x00000000f6080000,0x00000000f7d80000)
 ParOldGen       total 96256K, used 67393K [0x00000000a0000000, 0x00000000a5e00000, 0x00000000e0000000)
  object space 96256K, 70% used [0x00000000a0000000,0x00000000a41d0420,0x00000000a5e00000)
 Metaspace       used 62726K, capacity 64352K, committed 64472K, reserved 1105920K
  class space    used 8277K, capacity 8642K, committed 8704K, reserved 1048576K
}
Event: 62.415 GC heap before
{Heap before GC invocations=31 (full 5):
 PSYoungGen      total 360960K, used 338578K [0x00000000e0000000, 0x00000000f9a00000, 0x0000000100000000)
  eden space 317952K, 100% used [0x00000000e0000000,0x00000000f3680000,0x00000000f3680000)
  from space 43008K, 47% used [0x00000000f3680000,0x00000000f4aa4be8,0x00000000f6080000)
  to   space 29696K, 0% used [0x00000000f6080000,0x00000000f6080000,0x00000000f7d80000)
 ParOldGen       total 96256K, used 67393K [0x00000000a0000000, 0x00000000a5e00000, 0x00000000e0000000)
  object space 96256K, 70% used [0x00000000a0000000,0x00000000a41d0420,0x00000000a5e00000)
 Metaspace       used 62730K, capacity 64352K, committed 64472K, reserved 1105920K
  class space    used 8277K, capacity 8642K, committed 8704K, reserved 1048576K
Event: 62.472 GC heap after
Heap after GC invocations=31 (full 5):
 PSYoungGen      total 347648K, used 29684K [0x00000000e0000000, 0x00000000f9a00000, 0x0000000100000000)
  eden space 317952K, 0% used [0x00000000e0000000,0x00000000e0000000,0x00000000f3680000)
  from space 29696K, 99% used [0x00000000f6080000,0x00000000f7d7d0a0,0x00000000f7d80000)
  to   space 43008K, 0% used [0x00000000f3680000,0x00000000f3680000,0x00000000f6080000)
 ParOldGen       total 96256K, used 92481K [0x00000000a0000000, 0x00000000a5e00000, 0x00000000e0000000)
  object space 96256K, 96% used [0x00000000a0000000,0x00000000a5a50550,0x00000000a5e00000)
 Metaspace       used 62730K, capacity 64352K, committed 64472K, reserved 1105920K
  class space    used 8277K, capacity 8642K, committed 8704K, reserved 1048576K
}
Event: 62.472 GC heap before
{Heap before GC invocations=32 (full 6):
 PSYoungGen      total 347648K, used 29684K [0x00000000e0000000, 0x00000000f9a00000, 0x0000000100000000)
  eden space 317952K, 0% used [0x00000000e0000000,0x00000000e0000000,0x00000000f3680000)
  from space 29696K, 99% used [0x00000000f6080000,0x00000000f7d7d0a0,0x00000000f7d80000)
  to   space 43008K, 0% used [0x00000000f3680000,0x00000000f3680000,0x00000000f6080000)
 ParOldGen       total 96256K, used 92481K [0x00000000a0000000, 0x00000000a5e00000, 0x00000000e0000000)
  object space 96256K, 96% used [0x00000000a0000000,0x00000000a5a50550,0x00000000a5e00000)
 Metaspace       used 62730K, capacity 64352K, committed 64472K, reserved 1105920K
  class space    used 8277K, capacity 8642K, committed 8704K, reserved 1048576K
Event: 63.174 GC heap after
Heap after GC invocations=32 (full 6):
 PSYoungGen      total 347648K, used 2543K [0x00000000e0000000, 0x00000000f9a00000, 0x0000000100000000)
  eden space 317952K, 0% used [0x00000000e0000000,0x00000000e0000000,0x00000000f3680000)
  from space 29696K, 8% used [0x00000000f6080000,0x00000000f62fbd00,0x00000000f7d80000)
  to   space 43008K, 0% used [0x00000000f3680000,0x00000000f3680000,0x00000000f6080000)
 ParOldGen       total 96256K, used 96239K [0x00000000a0000000, 0x00000000a5e00000, 0x00000000e0000000)
  object space 96256K, 99% used [0x00000000a0000000,0x00000000a5dfbeb0,0x00000000a5e00000)
 Metaspace       used 62730K, capacity 64352K, committed 64472K, reserved 1105920K
  class space    used 8277K, capacity 8642K, committed 8704K, reserved 1048576K
}

