# JRE version: Java(TM) SE Runtime Environment (8.0_101-b13) (build 1.8.0_101-b13)
# Java VM: Java HotSpot(TM) 64-Bit Server VM (25.101-b13 mixed mode windows-amd64 compressed oops)
Heap:
 PSYoungGen      total 103936K, used 37191K [0x00000000eab00000, 0x00000000f2b80000, 0x0000000100000000)
  eden space 89088K, 25% used [0x00000000eab00000,0x00000000ec0d2888,0x00000000f0200000)
  from space 14848K, 99% used [0x00000000f0e80000,0x00000000f1cff598,0x00000000f1d00000)
  to   space 10752K, 0% used [0x00000000f2100000,0x00000000f2100000,0x00000000f2b80000)
 ParOldGen       total 60416K, used 31445K [0x00000000c0000000, 0x00000000c3b00000, 0x00000000eab00000)
  object space 60416K, 52% used [0x00000000c0000000,0x00000000c1eb5460,0x00000000c3b00000)
 Metaspace       used 6499K, capacity 7320K, committed 7680K, reserved 1058816K
  class space    used 619K, capacity 656K, committed 768K, reserved 1048576K
GC Heap History (10 events):
Event: 3.919 GC heap before
{Heap before GC invocations=7 (full 1):
 PSYoungGen      total 33280K, used 33266K [0x00000000eab00000, 0x00000000ef300000, 0x0000000100000000)
  eden space 30720K, 100% used [0x00000000eab00000,0x00000000ec900000,0x00000000ec900000)
  from space 2560K, 99% used [0x00000000ec900000,0x00000000ecb7ca78,0x00000000ecb80000)
  to   space 8192K, 0% used [0x00000000eeb00000,0x00000000eeb00000,0x00000000ef300000)
 ParOldGen       total 23552K, used 12491K [0x00000000c0000000, 0x00000000c1700000, 0x00000000eab00000)
  object space 23552K, 53% used [0x00000000c0000000,0x00000000c0c32f68,0x00000000c1700000)
 Metaspace       used 6207K, capacity 7152K, committed 7296K, reserved 1058816K
  class space    used 593K, capacity 616K, committed 640K, reserved 1048576K
Event: 3.962 GC heap after
Heap after GC invocations=7 (full 1):
 PSYoungGen      total 64512K, used 7962K [0x00000000eab00000, 0x00000000ef580000, 0x0000000100000000)
  eden space 56320K, 0% used [0x00000000eab00000,0x00000000eab00000,0x00000000ee200000)
  from space 8192K, 97% used [0x00000000eeb00000,0x00000000ef2c6b88,0x00000000ef300000)
  to   space 9216K, 0% used [0x00000000ee200000,0x00000000ee200000,0x00000000eeb00000)
 ParOldGen       total 23552K, used 12499K [0x00000000c0000000, 0x00000000c1700000, 0x00000000eab00000)
  object space 23552K, 53% used [0x00000000c0000000,0x00000000c0c34f68,0x00000000c1700000)
 Metaspace       used 6207K, capacity 7152K, committed 7296K, reserved 1058816K
  class space    used 593K, capacity 616K, committed 640K, reserved 1048576K
}
Event: 4.310 GC heap before
{Heap before GC invocations=8 (full 1):
 PSYoungGen      total 64512K, used 64282K [0x00000000eab00000, 0x00000000ef580000, 0x0000000100000000)
  eden space 56320K, 100% used [0x00000000eab00000,0x00000000ee200000,0x00000000ee200000)
  from space 8192K, 97% used [0x00000000eeb00000,0x00000000ef2c6b88,0x00000000ef300000)
  to   space 9216K, 0% used [0x00000000ee200000,0x00000000ee200000,0x00000000eeb00000)
 ParOldGen       total 23552K, used 12499K [0x00000000c0000000, 0x00000000c1700000, 0x00000000eab00000)
  object space 23552K, 53% used [0x00000000c0000000,0x00000000c0c34f68,0x00000000c1700000)
 Metaspace       used 6223K, capacity 7152K, committed 7296K, reserved 1058816K
  class space    used 593K, capacity 616K, committed 640K, reserved 1048576K
Event: 4.347 GC heap after
Heap after GC invocations=8 (full 1):
 PSYoungGen      total 65536K, used 9205K [0x00000000eab00000, 0x00000000f2f00000, 0x0000000100000000)
  eden space 56320K, 0% used [0x00000000eab00000,0x00000000eab00000,0x00000000ee200000)
  from space 9216K, 99% used [0x00000000ee200000,0x00000000eeafd748,0x00000000eeb00000)
  to   space 14336K, 0% used [0x00000000f2100000,0x00000000f2100000,0x00000000f2f00000)
 ParOldGen       total 23552K, used 18977K [0x00000000c0000000, 0x00000000c1700000, 0x00000000eab00000)
  object space 23552K, 80% used [0x00000000c0000000,0x00000000c12887b8,0x00000000c1700000)
 Metaspace       used 6223K, capacity 7152K, committed 7296K, reserved 1058816K
  class space    used 593K, capacity 616K, committed 640K, reserved 1048576K
}
Event: 4.348 GC heap before
{Heap before GC invocations=9 (full 2):
 PSYoungGen      total 65536K, used 9205K [0x00000000eab00000, 0x00000000f2f00000, 0x0000000100000000)
  eden space 56320K, 0% used [0x00000000eab00000,0x00000000eab00000,0x00000000ee200000)
  from space 9216K, 99% used [0x00000000ee200000,0x00000000eeafd748,0x00000000eeb00000)
  to   space 14336K, 0% used [0x00000000f2100000,0x00000000f2100000,0x00000000f2f00000)
 ParOldGen       total 23552K, used 18977K [0x00000000c0000000, 0x00000000c1700000, 0x00000000eab00000)
  object space 23552K, 80% used [0x00000000c0000000,0x00000000c12887b8,0x00000000c1700000)
 Metaspace       used 6223K, capacity 7152K, committed 7296K, reserved 1058816K
  class space    used 593K, capacity 616K, committed 640K, reserved 1048576K
Event: 4.583 GC heap after
Heap after GC invocations=9 (full 2):
 PSYoungGen      total 65536K, used 2012K [0x00000000eab00000, 0x00000000f2f00000, 0x0000000100000000)
  eden space 56320K, 0% used [0x00000000eab00000,0x00000000eab00000,0x00000000ee200000)
  from space 9216K, 21% used [0x00000000ee200000,0x00000000ee3f7230,0x00000000eeb00000)
  to   space 14336K, 0% used [0x00000000f2100000,0x00000000f2100000,0x00000000f2f00000)
 ParOldGen       total 60416K, used 23340K [0x00000000c0000000, 0x00000000c3b00000, 0x00000000eab00000)
  object space 60416K, 38% used [0x00000000c0000000,0x00000000c16cb1f8,0x00000000c3b00000)
 Metaspace       used 6223K, capacity 7152K, committed 7296K, reserved 1058816K
  class space    used 593K, capacity 616K, committed 640K, reserved 1048576K
}
Event: 5.580 GC heap before
{Heap before GC invocations=10 (full 2):
 PSYoungGen      total 65536K, used 58332K [0x00000000eab00000, 0x00000000f2f00000, 0x0000000100000000)
  eden space 56320K, 100% used [0x00000000eab00000,0x00000000ee200000,0x00000000ee200000)
  from space 9216K, 21% used [0x00000000ee200000,0x00000000ee3f7230,0x00000000eeb00000)
  to   space 14336K, 0% used [0x00000000f2100000,0x00000000f2100000,0x00000000f2f00000)
 ParOldGen       total 60416K, used 23340K [0x00000000c0000000, 0x00000000c3b00000, 0x00000000eab00000)
  object space 60416K, 38% used [0x00000000c0000000,0x00000000c16cb1f8,0x00000000c3b00000)
 Metaspace       used 6349K, capacity 7192K, committed 7424K, reserved 1058816K
  class space    used 613K, capacity 656K, committed 768K, reserved 1048576K
Event: 5.644 GC heap after
Heap after GC invocations=10 (full 2):
 PSYoungGen      total 99840K, used 10411K [0x00000000eab00000, 0x00000000f2b80000, 0x0000000100000000)
  eden space 89088K, 0% used [0x00000000eab00000,0x00000000eab00000,0x00000000f0200000)
  from space 10752K, 96% used [0x00000000f2100000,0x00000000f2b2ae50,0x00000000f2b80000)
  to   space 14848K, 0% used [0x00000000f0e80000,0x00000000f0e80000,0x00000000f1d00000)
 ParOldGen       total 60416K, used 23348K [0x00000000c0000000, 0x00000000c3b00000, 0x00000000eab00000)
  object space 60416K, 38% used [0x00000000c0000000,0x00000000c16cd1f8,0x00000000c3b00000)
 Metaspace       used 6349K, capacity 7192K, committed 7424K, reserved 1058816K
  class space    used 613K, capacity 656K, committed 768K, reserved 1048576K
}
Event: 6.272 GC heap before
{Heap before GC invocations=11 (full 2):
 PSYoungGen      total 99840K, used 99499K [0x00000000eab00000, 0x00000000f2b80000, 0x0000000100000000)
  eden space 89088K, 100% used [0x00000000eab00000,0x00000000f0200000,0x00000000f0200000)
  from space 10752K, 96% used [0x00000000f2100000,0x00000000f2b2ae50,0x00000000f2b80000)
  to   space 14848K, 0% used [0x00000000f0e80000,0x00000000f0e80000,0x00000000f1d00000)
 ParOldGen       total 60416K, used 23348K [0x00000000c0000000, 0x00000000c3b00000, 0x00000000eab00000)
  object space 60416K, 38% used [0x00000000c0000000,0x00000000c16cd1f8,0x00000000c3b00000)
 Metaspace       used 6409K, capacity 7256K, committed 7424K, reserved 1058816K
  class space    used 613K, capacity 656K, committed 768K, reserved 1048576K
Event: 6.356 GC heap after
Heap after GC invocations=11 (full 2):
 PSYoungGen      total 103936K, used 14845K [0x00000000eab00000, 0x00000000f2b80000, 0x0000000100000000)
  eden space 89088K, 0% used [0x00000000eab00000,0x00000000eab00000,0x00000000f0200000)
  from space 14848K, 99% used [0x00000000f0e80000,0x00000000f1cff598,0x00000000f1d00000)
  to   space 10752K, 0% used [0x00000000f2100000,0x00000000f2100000,0x00000000f2b80000)
 ParOldGen       total 60416K, used 31445K [0x00000000c0000000, 0x00000000c3b00000, 0x00000000eab00000)
  object space 60416K, 52% used [0x00000000c0000000,0x00000000c1eb5460,0x00000000c3b00000)
 Metaspace       used 6409K, capacity 7256K, committed 7424K, reserved 1058816K
  class space    used 613K, capacity 656K, committed 768K, reserved 1048576K
}

